<?xml version="1.0" encoding="UTF-8"?>
<!-- Generated by org.testng.reporters.JUnitXMLReporter -->
<testsuite ignored="0" hostname="LAPTOP-U43BFJ90" failures="0" tests="7" name="Default test" time="0.042" errors="0" timestamp="2025-08-18T19:33:28 EDT">
  <testcase classname="test.testRandom" name="randomAlphaNumericString" time="0.006"/>
  <testcase classname="test.testRandom" name="randomAnyString" time="0.001"/>
  <testcase classname="test.testRandom" name="randomDoubleNumber" time="0.002"/>
  <testcase classname="test.testRandom" name="randomEmailGenerator" time="0.001"/>
  <testcase classname="test.testRandom" name="randomIntegerNumber" time="0.001"/>
  <testcase classname="test.testRandom" name="randomNumericString" time="0.0"/>
  <testcase classname="test.testRandom" name="randomStringWithAlphabets" time="0.001"/>
</testsuite> <!-- Default test -->
