<?xml version="1.0" encoding="UTF-8"?>
<!-- Generated by org.testng.reporters.JUnitXMLReporter -->
<testsuite ignored="0" hostname="LAPTOP-U43BFJ90" failures="0" tests="16" name="Test" time="0.062" errors="0" timestamp="2025-08-23T20:28:11 EDT">
  <testcase classname="test.HomeLoanCodes" name="apiHomeLoan" time="0.006"/>
  <testcase classname="test.HomeLoanCodes" name="dbHomeLoan" time="0.001"/>
  <testcase classname="test.HomeLoanCodes" name="webHomeLoan" time="0.001"/>
  <testcase classname="test.testRandom" name="randomAlphaNumericString" time="0.001"/>
  <testcase classname="test.testRandom" name="randomAnyString" time="0.001"/>
  <testcase classname="test.testRandom" name="randomDoubleNumber" time="0.002"/>
  <testcase classname="test.testRandom" name="randomEmailGenerator" time="0.001"/>
  <testcase classname="test.testRandom" name="randomIntegerNumber" time="0.002"/>
  <testcase classname="test.testRandom" name="randomNumericString" time="0.0"/>
  <testcase classname="test.testRandom" name="randomStringWithAlphabets" time="0.001"/>
  <testcase classname="test.PersonalLoanCodes" name="apiPersonalLoan" time="0.001"/>
  <testcase classname="test.PersonalLoanCodes" name="dbPersonalLoan" time="0.001"/>
  <testcase classname="test.PersonalLoanCodes" name="webPersonalLoan" time="0.0"/>
  <testcase classname="test.AutoLoanCodes" name="apiAutoLoan" time="0.001"/>
  <testcase classname="test.AutoLoanCodes" name="dbAutoLoan" time="0.001"/>
  <testcase classname="test.AutoLoanCodes" name="webAutoLoan" time="0.001"/>
</testsuite> <!-- Test -->
