<?xml version="1.0" encoding="UTF-8"?>
<testng-results ignored="0" total="16" passed="16" failed="0" skipped="0">
  <reporter-output>
  </reporter-output>
  <suite started-at="2025-08-23T20:28:11 EDT" name="Suite" finished-at="2025-08-23T20:28:11 EDT" duration-ms="62">
    <groups>
    </groups>
    <test started-at="2025-08-23T20:28:11 EDT" name="Test" finished-at="2025-08-23T20:28:11 EDT" duration-ms="62">
      <class name="test.PersonalLoanCodes">
        <test-method signature="apiPersonalLoan()[pri:0, instance:test.PersonalLoanCodes@1623b78d]" started-at="2025-08-23T20:28:11 EDT" name="apiPersonalLoan" finished-at="2025-08-23T20:28:11 EDT" duration-ms="1" status="PASS">
          <reporter-output>
          </reporter-output>
        </test-method> <!-- apiPersonalLoan -->
        <test-method signature="dbPersonalLoan()[pri:0, instance:test.PersonalLoanCodes@1623b78d]" started-at="2025-08-23T20:28:11 EDT" name="dbPersonalLoan" finished-at="2025-08-23T20:28:11 EDT" duration-ms="1" status="PASS">
          <reporter-output>
          </reporter-output>
        </test-method> <!-- dbPersonalLoan -->
        <test-method signature="webPersonalLoan()[pri:0, instance:test.PersonalLoanCodes@1623b78d]" started-at="2025-08-23T20:28:11 EDT" name="webPersonalLoan" finished-at="2025-08-23T20:28:11 EDT" duration-ms="0" status="PASS">
          <reporter-output>
          </reporter-output>
        </test-method> <!-- webPersonalLoan -->
      </class> <!-- test.PersonalLoanCodes -->
      <class name="test.HomeLoanCodes">
        <test-method signature="apiHomeLoan()[pri:0, instance:test.HomeLoanCodes@10e31a9a]" started-at="2025-08-23T20:28:11 EDT" name="apiHomeLoan" finished-at="2025-08-23T20:28:11 EDT" duration-ms="6" status="PASS">
          <reporter-output>
          </reporter-output>
        </test-method> <!-- apiHomeLoan -->
        <test-method signature="dbHomeLoan()[pri:0, instance:test.HomeLoanCodes@10e31a9a]" started-at="2025-08-23T20:28:11 EDT" name="dbHomeLoan" finished-at="2025-08-23T20:28:11 EDT" duration-ms="1" status="PASS">
          <reporter-output>
          </reporter-output>
        </test-method> <!-- dbHomeLoan -->
        <test-method signature="webHomeLoan()[pri:0, instance:test.HomeLoanCodes@10e31a9a]" started-at="2025-08-23T20:28:11 EDT" name="webHomeLoan" finished-at="2025-08-23T20:28:11 EDT" duration-ms="1" status="PASS">
          <reporter-output>
          </reporter-output>
        </test-method> <!-- webHomeLoan -->
      </class> <!-- test.HomeLoanCodes -->
      <class name="test.AutoLoanCodes">
        <test-method signature="apiAutoLoan()[pri:0, instance:test.AutoLoanCodes@c8c12ac]" started-at="2025-08-23T20:28:11 EDT" name="apiAutoLoan" finished-at="2025-08-23T20:28:11 EDT" duration-ms="1" status="PASS">
          <reporter-output>
          </reporter-output>
        </test-method> <!-- apiAutoLoan -->
        <test-method signature="dbAutoLoan()[pri:0, instance:test.AutoLoanCodes@c8c12ac]" started-at="2025-08-23T20:28:11 EDT" name="dbAutoLoan" finished-at="2025-08-23T20:28:11 EDT" duration-ms="1" status="PASS">
          <reporter-output>
          </reporter-output>
        </test-method> <!-- dbAutoLoan -->
        <test-method signature="webAutoLoan()[pri:0, instance:test.AutoLoanCodes@c8c12ac]" started-at="2025-08-23T20:28:11 EDT" name="webAutoLoan" finished-at="2025-08-23T20:28:11 EDT" duration-ms="1" status="PASS">
          <reporter-output>
          </reporter-output>
        </test-method> <!-- webAutoLoan -->
      </class> <!-- test.AutoLoanCodes -->
      <class name="test.testRandom">
        <test-method signature="randomAlphaNumericString()[pri:0, instance:test.testRandom@5c33f1a9]" started-at="2025-08-23T20:28:11 EDT" name="randomAlphaNumericString" finished-at="2025-08-23T20:28:11 EDT" duration-ms="1" status="PASS">
          <reporter-output>
          </reporter-output>
        </test-method> <!-- randomAlphaNumericString -->
        <test-method signature="randomAnyString()[pri:0, instance:test.testRandom@5c33f1a9]" started-at="2025-08-23T20:28:11 EDT" name="randomAnyString" finished-at="2025-08-23T20:28:11 EDT" duration-ms="1" status="PASS">
          <reporter-output>
          </reporter-output>
        </test-method> <!-- randomAnyString -->
        <test-method signature="randomDoubleNumber()[pri:0, instance:test.testRandom@5c33f1a9]" started-at="2025-08-23T20:28:11 EDT" name="randomDoubleNumber" finished-at="2025-08-23T20:28:11 EDT" duration-ms="2" status="PASS">
          <reporter-output>
          </reporter-output>
        </test-method> <!-- randomDoubleNumber -->
        <test-method signature="randomEmailGenerator()[pri:0, instance:test.testRandom@5c33f1a9]" started-at="2025-08-23T20:28:11 EDT" name="randomEmailGenerator" finished-at="2025-08-23T20:28:11 EDT" duration-ms="1" status="PASS">
          <reporter-output>
          </reporter-output>
        </test-method> <!-- randomEmailGenerator -->
        <test-method signature="randomIntegerNumber()[pri:0, instance:test.testRandom@5c33f1a9]" started-at="2025-08-23T20:28:11 EDT" name="randomIntegerNumber" finished-at="2025-08-23T20:28:11 EDT" duration-ms="2" status="PASS">
          <reporter-output>
          </reporter-output>
        </test-method> <!-- randomIntegerNumber -->
        <test-method signature="randomNumericString()[pri:0, instance:test.testRandom@5c33f1a9]" started-at="2025-08-23T20:28:11 EDT" name="randomNumericString" finished-at="2025-08-23T20:28:11 EDT" duration-ms="0" status="PASS">
          <reporter-output>
          </reporter-output>
        </test-method> <!-- randomNumericString -->
        <test-method signature="randomStringWithAlphabets()[pri:0, instance:test.testRandom@5c33f1a9]" started-at="2025-08-23T20:28:11 EDT" name="randomStringWithAlphabets" finished-at="2025-08-23T20:28:11 EDT" duration-ms="1" status="PASS">
          <reporter-output>
          </reporter-output>
        </test-method> <!-- randomStringWithAlphabets -->
      </class> <!-- test.testRandom -->
    </test> <!-- Test -->
  </suite> <!-- Suite -->
</testng-results>
